2018-12-16 15:54:07 INFO  JSONConverter:53 - Hii..(*.*) Please Enter Your Csv File Name __:- 
2018-12-16 15:54:11 ERROR CsvValidatorClass:84 - 
com.ncu.exceptions.FileFormatException: Oops.. Extension Is Messing .You Should Also Give .csv Extension .....!
2018-12-16 15:54:11 INFO  JSONConverter:53 - Hii..(*.*) Please Enter Your Csv File Name __:- 
2018-12-16 15:54:25 ERROR CsvValidatorClass:91 - 
com.ncu.exceptions.InvalidFileException: Sorry this is not csv file ! This System Accept Only Csv file
2018-12-16 15:54:25 INFO  JSONConverter:53 - Hii..(*.*) Please Enter Your Csv File Name __:- 
2018-12-16 15:54:39 ERROR CsvValidatorClass:91 - 
com.ncu.exceptions.InvalidFileException: Sorry this is not csv file ! This System Accept Only Csv file
2018-12-16 15:54:39 INFO  JSONConverter:53 - Hii..(*.*) Please Enter Your Csv File Name __:- 
2018-12-16 15:54:47 ERROR CsvValidatorClass:97 - 
com.ncu.exceptions.FileNameLengthException: you have Given Long File Name .This System Accept Only Less Than 14 Characters To File Name
2018-12-16 15:54:47 INFO  JSONConverter:53 - Hii..(*.*) Please Enter Your Csv File Name __:- 
2018-12-16 15:55:18 ERROR CsvValidatorClass:91 - 
com.ncu.exceptions.InvalidFileException: Sorry this is not csv file ! This System Accept Only Csv file
2018-12-16 15:55:18 INFO  JSONConverter:53 - Hii..(*.*) Please Enter Your Csv File Name __:- 
2018-12-16 15:55:38 INFO  CsvValidatorClass:192 - 
com.ncu.exceptions.FileNotAvailable: Sorry aditya.csv Is File Is Not Available Into Our Directory
2018-12-16 15:55:38 INFO  CsvValidatorClass:193 - 
Do You Want To See List Of Available csv file Press - y/n  
2018-12-16 15:55:40 INFO  CsvValidatorClass:203 - ----- All Available Files In Directory ---- 
2018-12-16 15:55:40 INFO  CsvValidatorClass:208 - 
- test.csv
2018-12-16 15:55:40 INFO  CsvValidatorClass:208 - 
- ipl.csv
2018-12-16 15:55:40 INFO  JSONConverter:53 - Hii..(*.*) Please Enter Your Csv File Name __:- 
2018-12-16 15:56:34 INFO  CsvValidatorClass:192 - 
com.ncu.exceptions.FileNotAvailable: Sorry aaa.csv Is File Is Not Available Into Our Directory
2018-12-16 15:56:34 INFO  CsvValidatorClass:193 - 
Do You Want To See List Of Available csv file Press - y/n  
2018-12-16 15:56:37 INFO  JSONConverter:53 - Hii..(*.*) Please Enter Your Csv File Name __:- 
2018-12-16 15:57:00 INFO  JSONConverter:88 - 
!... What Will Be Your Converted File Name, Please Enter__:- 
2018-12-16 15:57:08 ERROR JsonValidatorClass:97 - 
com.ncu.exceptions.EmptyNameException: Oops.. Sorry Empty Filename Is Not Acceptable .....!
2018-12-16 15:57:08 INFO  JSONConverter:88 - 
!... What Will Be Your Converted File Name, Please Enter__:- 
2018-12-16 15:57:10 ERROR JsonValidatorClass:89 - 
com.ncu.exceptions.FileFormatException: Oops.. Extension Is Messing .You Should Also Give .json Extension .....!
2018-12-16 15:57:10 INFO  JSONConverter:88 - 
!... What Will Be Your Converted File Name, Please Enter__:- 
2018-12-16 15:57:15 ERROR JsonValidatorClass:81 - 
com.ncu.exceptions.InvalidFileException: Sorry this is not json file ! This System Accept Only json file
2018-12-16 15:57:15 INFO  JSONConverter:88 - 
!... What Will Be Your Converted File Name, Please Enter__:- 
2018-12-16 15:57:29 ERROR JsonValidatorClass:81 - 
com.ncu.exceptions.InvalidFileException: Sorry this is not json file ! This System Accept Only json file
2018-12-16 15:57:29 INFO  JSONConverter:88 - 
!... What Will Be Your Converted File Name, Please Enter__:- 
2018-12-16 15:57:40 ERROR JsonValidatorClass:104 - 
com.ncu.exceptions.FileNameLengthException: you have Given Long File Name .This System Accept Only Less Than 25 Characters To File Name
2018-12-16 15:57:40 INFO  JSONConverter:88 - 
!... What Will Be Your Converted File Name, Please Enter__:- 
2018-12-16 15:58:00 INFO  ConversionClass:55 - Do You Want To Convert Csv data into Json Plz Press y/n :-
2018-12-16 15:58:16 INFO  JSONConverter:88 - 
!... What Will Be Your Converted File Name, Please Enter__:- 
2018-12-16 15:58:32 ERROR JsonValidatorClass:70 - 
 Oops.. This File Is Already Exist Into Directory , Please Try With Different Name...!

2018-12-16 15:58:32 INFO  JSONConverter:88 - 
!... What Will Be Your Converted File Name, Please Enter__:- 
2018-12-16 15:58:40 INFO  ConversionClass:55 - Do You Want To Convert Csv data into Json Plz Press y/n :-
2018-12-16 15:58:45 INFO  ConversionClass:64 - 
-------------- Time Duration --------------------
2018-12-16 15:58:45 INFO  ConversionClass:65 - Before Process Time :- Sun Dec 16 15:58:45 IST 2018

2018-12-16 15:58:46 INFO  ConversionClass:93 - After Process Time :- Sun Dec 16 15:58:46 IST 2018

2018-12-16 15:58:46 INFO  ConversionClass:97 - Duration In Mili Second -: 17
2018-12-16 15:58:46 INFO  ConversionClass:109 - 
___!Successfully Convert File Into Json - (*.*)
2018-12-16 15:58:46 INFO  ConversionClass:110 -  
'Notice' - You Can Get Your adi.json On Path - '/home/kls103/Desktop/csvtojsonconverter/jsons/'
2018-12-16 15:58:46 INFO  JSONConverter:124 - 

2018-12-16 15:58:46 INFO  JSONConverter:125 - Do You Want Exit . Please Press - exit 
2018-12-16 15:58:46 INFO  JSONConverter:126 - Or Press Any Key To Continue Program - 
2018-12-16 16:24:17 INFO  JSONConverter:52 - Hii..(*.*) Please Enter Your Csv File Name __:- 
2018-12-16 16:24:23 ERROR CsvValidatorClass:75 - 
com.ncu.exceptions.FileFormatException: Oops.. Extension Is Messing .You Should Also Give .csv Extension .....!
2018-12-16 16:24:23 INFO  JSONConverter:52 - Hii..(*.*) Please Enter Your Csv File Name __:- 
2018-12-16 16:37:02 INFO  JSONConverter:52 - Hii..(*.*) Please Enter Your Csv File Name __:- 
2018-12-16 16:37:04 ERROR CsvValidatorClass:76 - 
com.ncu.exceptions.FileFormatException: Oops.. Extension Is Messing .You Should Also Give .csv Extension .....!


2018-12-16 16:37:04 INFO  JSONConverter:52 - Hii..(*.*) Please Enter Your Csv File Name __:- 
2018-12-16 16:37:09 ERROR CsvValidatorClass:81 - 
com.ncu.exceptions.InvalidFileException: Sorry this is not csv file ! This System Accept Only Csv file


2018-12-16 16:37:09 INFO  JSONConverter:52 - Hii..(*.*) Please Enter Your Csv File Name __:- 
2018-12-16 16:37:13 ERROR CsvValidatorClass:95 - 
com.ncu.exceptions.EmptyNameException: Oops.. Sorry Empty Filename Is Not Acceptable .....!


2018-12-16 16:37:13 INFO  JSONConverter:52 - Hii..(*.*) Please Enter Your Csv File Name __:- 
2018-12-16 16:37:32 INFO  CsvValidatorClass:169 - com.ncu.exceptions.FileNotAvailable: Sorry aditya.csv Is File Is Not Available Into Our Directory


2018-12-16 16:37:32 INFO  CsvValidatorClass:170 - 
 
 Do You Want To See List Of Available csv file Press - y/n  
2018-12-16 16:37:44 INFO  CsvValidatorClass:178 - 

----- All Available Files In Directory ---- 
2018-12-16 16:37:44 INFO  CsvValidatorClass:182 - -test.csv
2018-12-16 16:37:44 INFO  CsvValidatorClass:182 - -ipl.csv
2018-12-16 16:37:44 INFO  JSONConverter:52 - Hii..(*.*) Please Enter Your Csv File Name __:- 
2018-12-16 16:38:04 INFO  JSONConverter:87 - !... What Will Be Your Converted File Name, Please Enter__:- 
2018-12-16 16:38:08 ERROR JsonValidatorClass:84 - 
com.ncu.exceptions.EmptyNameException: Oops.. Sorry Empty Filename Is Not Acceptable .....!


2018-12-16 16:38:08 INFO  JSONConverter:87 - !... What Will Be Your Converted File Name, Please Enter__:- 
2018-12-16 16:38:44 ERROR JsonValidatorClass:63 - 
 
 Oops.. This File Is Already Exist Into Directory , Please Try With Different Name...!

2018-12-16 16:38:44 INFO  JSONConverter:87 - !... What Will Be Your Converted File Name, Please Enter__:- 
2018-12-16 16:38:57 INFO  ConversionClass:54 - Do You Want To Convert Csv data into Json Plz Press y/n :-
2018-12-16 16:39:01 INFO  ConversionClass:61 - 
 

2018-12-16 16:39:01 INFO  ConversionClass:62 - -------------- Time Duration --------------------
2018-12-16 16:39:01 INFO  ConversionClass:63 - Before Process Time :- Sun Dec 16 16:39:01 IST 2018

2018-12-16 16:39:01 INFO  ConversionClass:90 - 
 

2018-12-16 16:39:01 INFO  ConversionClass:91 - After Process Time :- Sun Dec 16 16:39:01 IST 2018

2018-12-16 16:39:01 INFO  ConversionClass:94 - Duration In Mili Second -: 24
2018-12-16 16:39:01 INFO  ConversionClass:95 - 
 

2018-12-16 16:39:01 INFO  ConversionClass:104 - ___!Successfully Convert File Into Json - (*.*)

2018-12-16 16:39:01 INFO  ConversionClass:105 - 'Notice' - You Can Get Your testpass.json On Path - '/home/kls103/Desktop/csvtojsonconverter/jsons/'

2018-12-16 16:39:01 INFO  JSONConverter:119 - 
 

2018-12-16 16:39:01 INFO  JSONConverter:120 - Do You Want Exit . Please Press - exit 
2018-12-16 16:39:01 INFO  JSONConverter:121 - Or Press Any Key To Continue Program - 
